2022.05.03 18:35:52 INFO  tracing is disabled for protocol LSP, to enable tracing of incoming and outgoing JSON messages create an empty file at /Users/steventruong/88c-final-proj/small-business-food-waste-reduction/.metals/lsp.trace.json or /Users/steventruong/Library/Caches/org.scalameta.metals/lsp.trace.json
2022.05.03 18:35:53 INFO  logging to file /Users/steventruong/88c-final-proj/small-business-food-waste-reduction/.metals/metals.log
2022.05.03 18:35:53 INFO  Started: Metals version 0.11.5 in workspace '/Users/steventruong/88c-final-proj/small-business-food-waste-reduction' for client Visual Studio Code 1.65.2.
2022.05.03 18:35:56 INFO  time: initialize in 3.55s
2022.05.03 18:35:57 WARN  Flyway upgrade recommended: H2 2.1.212 is newer than this version of Flyway and support has not been tested. The latest supported version of H2 is 2.1.210.
2022.05.03 18:35:57 WARN  Build server is not auto-connectable.
2022.05.03 18:36:03 INFO  running '/Library/Java/JavaVirtualMachines/temurin-11.jdk/Contents/Home/bin/java -Djline.terminal=jline.UnsupportedTerminal -Dsbt.log.noformat=true -Dfile.encoding=UTF-8 -jar /var/folders/lh/tf2swn5j5kz38kx37k5bwfy80000gn/T/metals10787416761532400297/sbt-launch.jar -Dbloop.export-jar-classifiers=sources bloopInstall'
2022.05.03 18:36:03 WARN  no build target for: /Users/steventruong/88c-final-proj/small-business-food-waste-reduction/project/project/metals.sbt
2022.05.03 18:36:03 WARN  no build target for: /Users/steventruong/88c-final-proj/small-business-food-waste-reduction/project/metals.sbt
2022.05.03 18:36:03 INFO  skipping build import with status 'Started'
2022.05.03 18:36:08 INFO  [info] welcome to sbt 1.6.1 (Eclipse Adoptium Java 11.0.14)
2022.05.03 18:36:10 WARN  no build target for: /Users/steventruong/88c-final-proj/small-business-food-waste-reduction/build.sbt
2022.05.03 18:36:15 INFO  [info] loading settings for project small-business-food-waste-reduction-build-build from metals.sbt ...
2022.05.03 18:36:17 INFO  [info] loading project definition from /Users/steventruong/88c-final-proj/small-business-food-waste-reduction/project/project
2022.05.03 18:36:21 INFO  no build target found for /Users/steventruong/88c-final-proj/small-business-food-waste-reduction/project/metals.sbt. Using presentation compiler with project's scala-library version: 3.1.2
2022.05.03 18:36:25 INFO  [info] loading settings for project small-business-food-waste-reduction-build from metals.sbt ...
2022.05.03 18:36:26 INFO  time: code lens generation in 14s
2022.05.03 18:36:25 INFO  [info] loading project definition from /Users/steventruong/88c-final-proj/small-business-food-waste-reduction/project
2022.05.03 18:36:34 INFO  [success] Generated .bloop/small-business-food-waste-reduction-build.json
2022.05.03 18:36:34 INFO  [success] Total time: 8 s, completed May 3, 2022, 6:36:34 PM
2022.05.03 18:36:34 INFO  [info] loading settings for project small-business-food-waste-reduction from build.sbt ...
2022.05.03 18:36:34 INFO  [info] set current project to small-business-food-waste-reduction (in build file:/Users/steventruong/88c-final-proj/small-business-food-waste-reduction/)
2022.05.03 18:36:36 INFO  [success] Generated .bloop/small-business-food-waste-reduction.json
2022.05.03 18:36:36 INFO  [success] Generated .bloop/small-business-food-waste-reduction-test.json
2022.05.03 18:36:36 INFO  [success] Total time: 0 s, completed May 3, 2022, 6:36:36 PM
2022.05.03 18:36:36 INFO  time: ran 'sbt bloopInstall' in 32s
2022.05.03 18:36:36 INFO  Attempting to connect to the build server...
2022.05.03 18:36:38 INFO  tracing is disabled for protocol BSP, to enable tracing of incoming and outgoing JSON messages create an empty file at /Users/steventruong/88c-final-proj/small-business-food-waste-reduction/.metals/bsp.trace.json or /Users/steventruong/Library/Caches/org.scalameta.metals/bsp.trace.json
2022.05.03 18:36:40 INFO  Attempting to connect to the build server...
2022.05.03 18:36:40 INFO  tracing is disabled for protocol BSP, to enable tracing of incoming and outgoing JSON messages create an empty file at /Users/steventruong/88c-final-proj/small-business-food-waste-reduction/project/.metals/bsp.trace.json or /Users/steventruong/Library/Caches/org.scalameta.metals/bsp.trace.json
2022.05.03 18:36:40 INFO  time: Connected to build server in 4.56s
2022.05.03 18:36:40 INFO  Connected to Build server: Bloop v1.4.13
2022.05.03 18:36:41 INFO  time: Imported build in 0.12s
2022.05.03 18:36:49 INFO  time: indexed workspace in 8.12s
2022.05.03 18:37:11 INFO  Disconnecting from Bloop session...
2022.05.03 18:37:11 INFO  Shut down connection with build server.
2022.05.03 18:37:11 INFO  Shut down connection with build server.
2022.05.03 18:37:11 INFO  Attempting to connect to the build server...
2022.05.03 18:37:11 INFO  tracing is disabled for protocol BSP, to enable tracing of incoming and outgoing JSON messages create an empty file at /Users/steventruong/88c-final-proj/small-business-food-waste-reduction/.metals/bsp.trace.json or /Users/steventruong/Library/Caches/org.scalameta.metals/bsp.trace.json
2022.05.03 18:37:11 INFO  Attempting to connect to the build server...
2022.05.03 18:37:17 INFO  tracing is disabled for protocol BSP, to enable tracing of incoming and outgoing JSON messages create an empty file at /Users/steventruong/88c-final-proj/small-business-food-waste-reduction/project/.metals/bsp.trace.json or /Users/steventruong/Library/Caches/org.scalameta.metals/bsp.trace.json
2022.05.03 18:37:17 INFO  time: Connected to build server in 6.55s
2022.05.03 18:37:17 INFO  Connected to Build server: Bloop v1.4.13
2022.05.03 18:37:17 INFO  tracing is disabled for protocol BSP, to enable tracing of incoming and outgoing JSON messages create an empty file at /Users/steventruong/88c-final-proj/small-business-food-waste-reduction/.metals/bsp.trace.json or /Users/steventruong/Library/Caches/org.scalameta.metals/bsp.trace.json
2022.05.03 18:37:17 INFO  Connected to Build server: Bloop v1.5.0
2022.05.03 18:37:17 INFO  time: Imported build in 0.17s
2022.05.03 18:37:20 INFO  time: indexed workspace in 2.73s
2022.05.03 18:40:20 WARN  no build target for: /Users/steventruong/Documents/harvard-extension/courses/csci_e_88c_scala/assignments/project-files/2022-spring-cscie88c/build.sbt
2022.05.03 18:48:48 INFO  running '/Library/Java/JavaVirtualMachines/temurin-11.jdk/Contents/Home/bin/java -Djline.terminal=jline.UnsupportedTerminal -Dsbt.log.noformat=true -Dfile.encoding=UTF-8 -jar /var/folders/lh/tf2swn5j5kz38kx37k5bwfy80000gn/T/metals4130650963263325734/sbt-launch.jar -Dbloop.export-jar-classifiers=sources bloopInstall'
2022.05.03 18:48:51 INFO  [info] welcome to sbt 1.6.1 (Eclipse Adoptium Java 11.0.14)
2022.05.03 18:48:52 INFO  [info] loading settings for project small-business-food-waste-reduction-build-build from metals.sbt ...
2022.05.03 18:48:54 INFO  [info] loading project definition from /Users/steventruong/88c-final-proj/small-business-food-waste-reduction/project/project
2022.05.03 18:48:56 INFO  [info] loading settings for project small-business-food-waste-reduction-build from metals.sbt ...
2022.05.03 18:48:56 INFO  [info] loading project definition from /Users/steventruong/88c-final-proj/small-business-food-waste-reduction/project
2022.05.03 18:49:01 INFO  [success] Generated .bloop/small-business-food-waste-reduction-build.json
2022.05.03 18:49:01 INFO  [success] Total time: 4 s, completed May 3, 2022, 6:49:01 PM
2022.05.03 18:49:02 ERROR /Users/steventruong/88c-final-proj/small-business-food-waste-reduction/build.sbt:1: error: not found: object Dependencies
2022.05.03 18:49:02 ERROR import Dependencies._
2022.05.03 18:49:02 ERROR        ^
2022.05.03 18:49:03 ERROR /Users/steventruong/88c-final-proj/small-business-food-waste-reduction/build.sbt:19: error: not found: value Dependencies
2022.05.03 18:49:03 ERROR     libraryDependencies ++= Dependencies.core ++ Dependencies.scalaTest,
2022.05.03 18:49:03 ERROR                             ^
2022.05.03 18:49:03 ERROR /Users/steventruong/88c-final-proj/small-business-food-waste-reduction/build.sbt:19: error: not found: value Dependencies
2022.05.03 18:49:03 ERROR     libraryDependencies ++= Dependencies.core ++ Dependencies.scalaTest,
2022.05.03 18:49:03 ERROR                                                  ^
2022.05.03 18:49:03 ERROR /Users/steventruong/88c-final-proj/small-business-food-waste-reduction/build.sbt:22: error: not found: value assembly
2022.05.03 18:49:03 ERROR     assembly / mainClass := Some("org.cscie88c.week11.SparkAverageTransactionAggregateJob"),
2022.05.03 18:49:03 ERROR     ^
2022.05.03 18:49:03 ERROR /Users/steventruong/88c-final-proj/small-business-food-waste-reduction/build.sbt:23: error: not found: value assembly
2022.05.03 18:49:03 ERROR     assembly / assemblyJarName := "2022SpringSparkJob.jar",
2022.05.03 18:49:03 ERROR     ^
2022.05.03 18:49:03 ERROR /Users/steventruong/88c-final-proj/small-business-food-waste-reduction/build.sbt:23: error: not found: value assemblyJarName
2022.05.03 18:49:03 ERROR     assembly / assemblyJarName := "2022SpringSparkJob.jar",
2022.05.03 18:49:03 ERROR                ^
2022.05.03 18:49:03 ERROR /Users/steventruong/88c-final-proj/small-business-food-waste-reduction/build.sbt:24: error: not found: value assembly
2022.05.03 18:49:03 ERROR     assembly / test := {},
2022.05.03 18:49:03 ERROR     ^
2022.05.03 18:49:03 ERROR /Users/steventruong/88c-final-proj/small-business-food-waste-reduction/build.sbt:25: error: not found: value assembly
2022.05.03 18:49:03 ERROR     assembly / assemblyMergeStrategy := {
2022.05.03 18:49:03 ERROR     ^
2022.05.03 18:49:03 ERROR /Users/steventruong/88c-final-proj/small-business-food-waste-reduction/build.sbt:25: error: not found: value assemblyMergeStrategy
2022.05.03 18:49:03 ERROR     assembly / assemblyMergeStrategy := {
2022.05.03 18:49:03 ERROR                ^
2022.05.03 18:49:03 ERROR /Users/steventruong/88c-final-proj/small-business-food-waste-reduction/build.sbt:26: error: not found: value PathList
2022.05.03 18:49:03 ERROR       case PathList("META-INF", xs @ _*) => MergeStrategy.discard
2022.05.03 18:49:03 ERROR            ^
2022.05.03 18:49:03 ERROR /Users/steventruong/88c-final-proj/small-business-food-waste-reduction/build.sbt:26: error: not found: value MergeStrategy
2022.05.03 18:49:03 ERROR       case PathList("META-INF", xs @ _*) => MergeStrategy.discard
2022.05.03 18:49:03 ERROR                                             ^
2022.05.03 18:49:03 ERROR /Users/steventruong/88c-final-proj/small-business-food-waste-reduction/build.sbt:27: error: not found: value MergeStrategy
2022.05.03 18:49:03 ERROR       case "application.conf"            => MergeStrategy.concat
2022.05.03 18:49:03 ERROR                                             ^
2022.05.03 18:49:03 ERROR /Users/steventruong/88c-final-proj/small-business-food-waste-reduction/build.sbt:29: error: not found: value assembly
2022.05.03 18:49:03 ERROR         val oldStrategy = (assembly / assemblyMergeStrategy).value
2022.05.03 18:49:03 ERROR                            ^
2022.05.03 18:49:03 ERROR /Users/steventruong/88c-final-proj/small-business-food-waste-reduction/build.sbt:29: error: not found: value assemblyMergeStrategy
2022.05.03 18:49:03 ERROR         val oldStrategy = (assembly / assemblyMergeStrategy).value
2022.05.03 18:49:03 ERROR                                       ^
2022.05.03 18:49:03 ERROR /Users/steventruong/88c-final-proj/small-business-food-waste-reduction/build.sbt:33: error: not found: value assembly
2022.05.03 18:49:03 ERROR     assembly / assemblyShadeRules := Seq(
2022.05.03 18:49:03 ERROR     ^
2022.05.03 18:49:03 ERROR /Users/steventruong/88c-final-proj/small-business-food-waste-reduction/build.sbt:33: error: not found: value assemblyShadeRules
2022.05.03 18:49:03 ERROR     assembly / assemblyShadeRules := Seq(
2022.05.03 18:49:03 ERROR                ^
2022.05.03 18:49:03 ERROR /Users/steventruong/88c-final-proj/small-business-food-waste-reduction/build.sbt:34: error: not found: value ShadeRule
2022.05.03 18:49:03 ERROR       ShadeRule.rename("shapeless.**" -> "shadeshapeless.@1").inAll
2022.05.03 18:49:03 ERROR       ^
2022.05.03 18:49:03 ERROR sbt.compiler.EvalException: Type error in expression
2022.05.03 18:49:03 INFO  [error] sbt.compiler.EvalException: Type error in expression
2022.05.03 18:49:03 INFO  [error] Use 'last' for the full log.
2022.05.03 18:49:03 INFO  [warn] Project loading failed: (r)etry, (q)uit, (l)ast, or (i)gnore? (default: r)
2022.05.03 18:49:04 INFO  time: ran 'sbt bloopInstall' in 15s
2022.05.03 18:49:04 ERROR sbt command failed: /Library/Java/JavaVirtualMachines/temurin-11.jdk/Contents/Home/bin/java -Djline.terminal=jline.UnsupportedTerminal -Dsbt.log.noformat=true -Dfile.encoding=UTF-8 -jar /var/folders/lh/tf2swn5j5kz38kx37k5bwfy80000gn/T/metals4130650963263325734/sbt-launch.jar -Dbloop.export-jar-classifiers=sources bloopInstall
2022.05.03 18:49:04 INFO  Disconnecting from Bloop session...
2022.05.03 18:49:04 INFO  Shut down connection with build server.
2022.05.03 18:49:04 INFO  Shut down connection with build server.
2022.05.03 18:49:04 INFO  Attempting to connect to the build server...
2022.05.03 18:49:04 ERROR Failed to connect with build server, no functionality will work.
scala.meta.internal.metals.MetalsBspException: BSP connection failed in the attempt to get: WorkspaceBuildTargetsResult.  Boxed Exception
	at scala.meta.internal.metals.BuildServerConnection$$anonfun$1.$anonfun$applyOrElse$4(BuildServerConnection.scala:300)
	at scala.Option.getOrElse(Option.scala:201)
	at scala.meta.internal.metals.BuildServerConnection$$anonfun$1.applyOrElse(BuildServerConnection.scala:298)
	at scala.meta.internal.metals.BuildServerConnection$$anonfun$1.applyOrElse(BuildServerConnection.scala:286)
	at scala.concurrent.impl.Promise$Transformation.run(Promise.scala:490)
	at java.util.concurrent.ThreadPoolExecutor.runWorker(ThreadPoolExecutor.java:1128)
	at java.util.concurrent.ThreadPoolExecutor$Worker.run(ThreadPoolExecutor.java:628)
	at java.lang.Thread.run(Thread.java:829)

2022.05.03 18:49:04 INFO  tracing is disabled for protocol BSP, to enable tracing of incoming and outgoing JSON messages create an empty file at /Users/steventruong/88c-final-proj/small-business-food-waste-reduction/.metals/bsp.trace.json or /Users/steventruong/Library/Caches/org.scalameta.metals/bsp.trace.json
2022.05.03 18:49:04 INFO  Attempting to connect to the build server...
2022.05.03 18:49:04 INFO  tracing is disabled for protocol BSP, to enable tracing of incoming and outgoing JSON messages create an empty file at /Users/steventruong/88c-final-proj/small-business-food-waste-reduction/project/.metals/bsp.trace.json or /Users/steventruong/Library/Caches/org.scalameta.metals/bsp.trace.json
2022.05.03 18:49:04 INFO  time: Connected to build server in 0.14s
2022.05.03 18:49:04 INFO  Connected to Build server: Bloop v1.5.0
2022.05.03 18:49:06 INFO  time: indexed workspace in 2.07s
2022.05.03 18:49:06 WARN  no build target for: /Users/steventruong/Documents/harvard-extension/courses/csci_e_88c_scala/assignments/project-files/2022-spring-cscie88c/build.sbt
2022.05.03 18:49:10 INFO  skipping build import with status 'Failed'
2022.05.03 18:49:11 INFO  time: code lens generation in 4.38s
2022.05.03 18:53:54 WARN  no build target for: /Users/steventruong/88c-final-proj/small-business-food-waste-reduction/project/metals.sbt
2022.05.03 18:54:22 WARN  no build target for: /Users/steventruong/Documents/harvard-extension/courses/csci_e_88c_scala/assignments/project-files/2022-spring-cscie88c/project/Dependencies.scala
2022.05.03 18:54:56 INFO  skipping build import with status 'Failed'
2022.05.03 18:55:33 WARN  no build target for: /Users/steventruong/Documents/harvard-extension/courses/csci_e_88c_scala/assignments/project-files/2022-spring-cscie88c/project/metals.sbt
2022.05.03 18:55:45 INFO  running '/Library/Java/JavaVirtualMachines/temurin-11.jdk/Contents/Home/bin/java -Djline.terminal=jline.UnsupportedTerminal -Dsbt.log.noformat=true -Dfile.encoding=UTF-8 -jar /var/folders/lh/tf2swn5j5kz38kx37k5bwfy80000gn/T/metals16996416471745309725/sbt-launch.jar -Dbloop.export-jar-classifiers=sources bloopInstall'
2022.05.03 18:55:48 INFO  [info] welcome to sbt 1.6.1 (Eclipse Adoptium Java 11.0.14)
2022.05.03 18:55:50 INFO  [info] loading settings for project small-business-food-waste-reduction-build-build from metals.sbt ...
2022.05.03 18:55:51 INFO  [info] loading project definition from /Users/steventruong/88c-final-proj/small-business-food-waste-reduction/project/project
2022.05.03 18:55:53 INFO  [info] loading settings for project small-business-food-waste-reduction-build from metals.sbt ...
2022.05.03 18:55:53 INFO  [info] loading project definition from /Users/steventruong/88c-final-proj/small-business-food-waste-reduction/project
2022.05.03 18:55:57 INFO  [success] Generated .bloop/small-business-food-waste-reduction-build.json
2022.05.03 18:55:57 INFO  [info] compiling 1 Scala source to /Users/steventruong/88c-final-proj/small-business-food-waste-reduction/project/target/scala-2.12/sbt-1.0/classes ...
2022.05.03 18:55:57 INFO  [info] Non-compiled module 'compiler-bridge_2.12' for Scala 2.12.15. Compiling...
2022.05.03 18:56:12 INFO  [info]   Compilation completed in 13.994s.
2022.05.03 18:56:13 INFO  [info] done compiling
2022.05.03 18:56:13 INFO  [success] Total time: 20 s, completed May 3, 2022, 6:56:14 PM
2022.05.03 18:56:16 ERROR /Users/steventruong/88c-final-proj/small-business-food-waste-reduction/build.sbt:22: error: not found: value assembly
2022.05.03 18:56:16 ERROR     assembly / mainClass := Some("org.cscie88c.week11.SparkAverageTransactionAggregateJob"),
2022.05.03 18:56:16 ERROR     ^
2022.05.03 18:56:16 ERROR /Users/steventruong/88c-final-proj/small-business-food-waste-reduction/build.sbt:23: error: not found: value assembly
2022.05.03 18:56:16 ERROR     assembly / assemblyJarName := "2022SpringSparkJob.jar",
2022.05.03 18:56:16 ERROR     ^
2022.05.03 18:56:16 ERROR /Users/steventruong/88c-final-proj/small-business-food-waste-reduction/build.sbt:23: error: not found: value assemblyJarName
2022.05.03 18:56:16 ERROR     assembly / assemblyJarName := "2022SpringSparkJob.jar",
2022.05.03 18:56:16 ERROR                ^
2022.05.03 18:56:16 ERROR /Users/steventruong/88c-final-proj/small-business-food-waste-reduction/build.sbt:24: error: not found: value assembly
2022.05.03 18:56:16 ERROR     assembly / test := {},
2022.05.03 18:56:16 ERROR     ^
2022.05.03 18:56:16 ERROR /Users/steventruong/88c-final-proj/small-business-food-waste-reduction/build.sbt:25: error: not found: value assembly
2022.05.03 18:56:16 ERROR     assembly / assemblyMergeStrategy := {
2022.05.03 18:56:16 ERROR     ^
2022.05.03 18:56:16 ERROR /Users/steventruong/88c-final-proj/small-business-food-waste-reduction/build.sbt:25: error: not found: value assemblyMergeStrategy
2022.05.03 18:56:16 ERROR     assembly / assemblyMergeStrategy := {
2022.05.03 18:56:16 ERROR                ^
2022.05.03 18:56:16 ERROR /Users/steventruong/88c-final-proj/small-business-food-waste-reduction/build.sbt:26: error: not found: value PathList
2022.05.03 18:56:16 ERROR       case PathList("META-INF", xs @ _*) => MergeStrategy.discard
2022.05.03 18:56:16 ERROR            ^
2022.05.03 18:56:16 ERROR /Users/steventruong/88c-final-proj/small-business-food-waste-reduction/build.sbt:26: error: not found: value MergeStrategy
2022.05.03 18:56:16 ERROR       case PathList("META-INF", xs @ _*) => MergeStrategy.discard
2022.05.03 18:56:16 ERROR                                             ^
2022.05.03 18:56:16 ERROR /Users/steventruong/88c-final-proj/small-business-food-waste-reduction/build.sbt:27: error: not found: value MergeStrategy
2022.05.03 18:56:16 ERROR       case "application.conf"            => MergeStrategy.concat
2022.05.03 18:56:16 ERROR                                             ^
2022.05.03 18:56:16 ERROR /Users/steventruong/88c-final-proj/small-business-food-waste-reduction/build.sbt:29: error: not found: value assembly
2022.05.03 18:56:16 ERROR         val oldStrategy = (assembly / assemblyMergeStrategy).value
2022.05.03 18:56:16 ERROR                            ^
2022.05.03 18:56:16 ERROR /Users/steventruong/88c-final-proj/small-business-food-waste-reduction/build.sbt:29: error: not found: value assemblyMergeStrategy
2022.05.03 18:56:16 ERROR         val oldStrategy = (assembly / assemblyMergeStrategy).value
2022.05.03 18:56:16 ERROR                                       ^
2022.05.03 18:56:16 ERROR /Users/steventruong/88c-final-proj/small-business-food-waste-reduction/build.sbt:33: error: not found: value assembly
2022.05.03 18:56:16 ERROR     assembly / assemblyShadeRules := Seq(
2022.05.03 18:56:16 ERROR     ^
2022.05.03 18:56:16 ERROR /Users/steventruong/88c-final-proj/small-business-food-waste-reduction/build.sbt:33: error: not found: value assemblyShadeRules
2022.05.03 18:56:16 ERROR     assembly / assemblyShadeRules := Seq(
2022.05.03 18:56:16 ERROR                ^
2022.05.03 18:56:16 ERROR /Users/steventruong/88c-final-proj/small-business-food-waste-reduction/build.sbt:34: error: not found: value ShadeRule
2022.05.03 18:56:16 ERROR       ShadeRule.rename("shapeless.**" -> "shadeshapeless.@1").inAll
2022.05.03 18:56:16 ERROR       ^
2022.05.03 18:56:16 ERROR sbt.compiler.EvalException: Type error in expression
2022.05.03 18:56:16 INFO  [error] sbt.compiler.EvalException: Type error in expression
2022.05.03 18:56:16 INFO  [error] Use 'last' for the full log.
2022.05.03 18:56:16 INFO  [warn] Project loading failed: (r)etry, (q)uit, (l)ast, or (i)gnore? (default: r)
2022.05.03 18:56:16 INFO  time: ran 'sbt bloopInstall' in 30s
2022.05.03 18:56:16 ERROR sbt command failed: /Library/Java/JavaVirtualMachines/temurin-11.jdk/Contents/Home/bin/java -Djline.terminal=jline.UnsupportedTerminal -Dsbt.log.noformat=true -Dfile.encoding=UTF-8 -jar /var/folders/lh/tf2swn5j5kz38kx37k5bwfy80000gn/T/metals16996416471745309725/sbt-launch.jar -Dbloop.export-jar-classifiers=sources bloopInstall
2022.05.03 18:56:16 INFO  Disconnecting from Bloop session...
2022.05.03 18:56:16 INFO  Shut down connection with build server.
2022.05.03 18:56:16 INFO  Shut down connection with build server.
2022.05.03 18:56:16 INFO  Attempting to connect to the build server...
2022.05.03 18:56:16 INFO  tracing is disabled for protocol BSP, to enable tracing of incoming and outgoing JSON messages create an empty file at /Users/steventruong/88c-final-proj/small-business-food-waste-reduction/.metals/bsp.trace.json or /Users/steventruong/Library/Caches/org.scalameta.metals/bsp.trace.json
2022.05.03 18:56:16 INFO  Attempting to connect to the build server...
2022.05.03 18:56:16 INFO  tracing is disabled for protocol BSP, to enable tracing of incoming and outgoing JSON messages create an empty file at /Users/steventruong/88c-final-proj/small-business-food-waste-reduction/project/.metals/bsp.trace.json or /Users/steventruong/Library/Caches/org.scalameta.metals/bsp.trace.json
2022.05.03 18:56:16 INFO  time: Connected to build server in 0.18s
2022.05.03 18:56:16 INFO  Connected to Build server: Bloop v1.5.0
2022.05.03 18:56:18 INFO  time: indexed workspace in 1.9s
2022.05.03 18:56:22 INFO  skipping build import with status 'Failed'
2022.05.03 18:56:24 INFO  compiling small-business-food-waste-reduction-build (1 scala source)
2022.05.03 18:56:47 INFO  time: compiled small-business-food-waste-reduction-build in 23s
2022.05.03 18:58:54 WARN  no build target for: /Users/steventruong/88c-final-proj/small-business-food-waste-reduction/project/metals.sbt
May 03, 2022 7:03:46 PM scala.meta.internal.pc.CompilerAccess retryWithCleanCompiler
INFO: compiler crashed due to an error in the Scala compiler, retrying with new compiler instance.
May 03, 2022 7:03:47 PM scala.meta.internal.pc.CompilerAccess handleError
SEVERE: 
  associatedFile_= inapplicable for <none>
     while compiling: jar:file:///Users/steventruong/Library/Caches/Coursier/v1/https/repo1.maven.org/maven2/org/scala-sbt/main_2.12/1.6.1/main_2.12-1.6.1-sources.jar!/sbt/Project.scala
        during phase: globalPhase=<no phase>, enteringPhase=namer
     library version: version 2.12.15
    compiler version: version 2.12.15
  reconstructed args: -deprecation -Wconf:cat=unused-nowarn:s -Wconf:cat=deprecation:w -Wconf:cat=deprecation:ws -Wconf:cat=feature:ws -Wconf:cat=optimizer:ws -classpath /Users/steventruong/88c-final-proj/small-business-food-waste-reduction/project/.bloop/small-business-food-waste-reduction-build/bloop-bsp-clients-classes/classes-Metals-PaBpgS5xTXW7ZOi7ZdpU5Q==:/Users/steventruong/Library/Caches/bloop/semanticdb/com.sourcegraph.semanticdb-javac.0.7.4/semanticdb-javac-0.7.4.jar:/Users/steventruong/Library/Caches/Coursier/v1/https/repo1.maven.org/maven2/org/scala-sbt/sbt/1.6.1/sbt-1.6.1.jar:/Users/steventruong/.sbt/boot/scala-2.12.15/lib/scala-library.jar:/Users/steventruong/Library/Caches/Coursier/v1/https/repo1.maven.org/maven2/ch/epfl/scala/sbt-bloop_2.12_1.0/1.5.0/sbt-bloop-1.5.0.jar:/Users/steventruong/Library/Caches/Coursier/v1/https/repo1.maven.org/maven2/org/scala-sbt/main_2.12/1.6.1/main_2.12-1.6.1.jar:/Users/steventruong/Library/Caches/Coursier/v1/https/repo1.maven.org/maven2/org/scala-sbt/io_2.12/1.6.0/io_2.12-1.6.0.jar:/Users/steventruong/Library/Caches/Coursier/v1/https/repo1.maven.org/maven2/net/java/dev/jna/jna/5.8.0/jna-5.8.0.jar:/Users/steventruong/Library/Caches/Coursier/v1/https/repo1.maven.org/maven2/net/java/dev/jna/jna-platform/5.8.0/jna-platform-5.8.0.jar:/Users/steventruong/Library/Caches/Coursier/v1/https/repo1.maven.org/maven2/com/google/code/gson/gson/2.7/gson-2.7.jar:/Users/steventruong/Library/Caches/Coursier/v1/https/repo1.maven.org/maven2/com/google/code/findbugs/jsr305/3.0.2/jsr305-3.0.2.jar:/Users/steventruong/Library/Caches/Coursier/v1/https/repo1.maven.org/maven2/org/scala-sbt/logic_2.12/1.6.1/logic_2.12-1.6.1.jar:/Users/steventruong/Library/Caches/Coursier/v1/https/repo1.maven.org/maven2/org/scala-sbt/actions_2.12/1.6.1/actions_2.12-1.6.1.jar:/Users/steventruong/Library/Caches/Coursier/v1/https/repo1.maven.org/maven2/org/scala-sbt/main-settings_2.12/1.6.1/main-settings_2.12-1.6.1.jar:/Users/steventruong/Library/Caches/Coursier/v1/https/repo1.maven.org/maven2/org/scala-sbt/run_2.12/1.6.1/run_2.12-1.6.1.jar:/Users/steventruong/Library/Caches/Coursier/v1/https/repo1.maven.org/maven2/org/scala-sbt/command_2.12/1.6.1/command_2.12-1.6.1.jar:/Users/steventruong/Library/Caches/Coursier/v1/https/repo1.maven.org/maven2/org/scala-sbt/collections_2.12/1.6.1/collections_2.12-1.6.1.jar:/Users/steventruong/Library/Caches/Coursier/v1/https/repo1.maven.org/maven2/org/scala-sbt/scripted-plugin_2.12/1.6.1/scripted-plugin_2.12-1.6.1.jar:/Users/steventruong/Library/Caches/Coursier/v1/https/repo1.maven.org/maven2/org/scala-sbt/zinc-lm-integration_2.12/1.6.1/zinc-lm-integration_2.12-1.6.1.jar:/Users/steventruong/Library/Caches/Coursier/v1/https/repo1.maven.org/maven2/org/scala-sbt/util-logging_2.12/1.6.1/util-logging_2.12-1.6.1.jar:/Users/steventruong/Library/Caches/Coursier/v1/https/repo1.maven.org/maven2/org/scala-lang/modules/scala-xml_2.12/1.3.0/scala-xml_2.12-1.3.0.jar:/Users/steventruong/Library/Caches/Coursier/v1/https/repo1.maven.org/maven2/org/scala-sbt/launcher-interface/1.3.3/launcher-interface-1.3.3.jar:/Users/steventruong/Library/Caches/Coursier/v1/https/repo1.maven.org/maven2/com/github/ben-manes/caffeine/caffeine/2.8.5/caffeine-2.8.5.jar:/Users/steventruong/Library/Caches/Coursier/v1/https/repo1.maven.org/maven2/io/get-coursier/lm-coursier-shaded_2.12/2.0.10/lm-coursier-shaded_2.12-2.0.10.jar:/Users/steventruong/Library/Caches/Coursier/v1/https/repo1.maven.org/maven2/org/apache/logging/log4j/log4j-api/2.17.1/log4j-api-2.17.1.jar:/Users/steventruong/Library/Caches/Coursier/v1/https/repo1.maven.org/maven2/org/apache/logging/log4j/log4j-core/2.17.1/log4j-core-2.17.1.jar:/Users/steventruong/Library/Caches/Coursier/v1/https/repo1.maven.org/maven2/org/apache/logging/log4j/log4j-slf4j-impl/2.17.1/log4j-slf4j-impl-2.17.1.jar:/Users/steventruong/Library/Caches/Coursier/v1/https/repo1.maven.org/maven2/org/scala-sbt/librarymanagement-core_2.12/1.6.0/librarymanagement-core_2.12-1.6.0.jar:/Users/steventruong/Library/Caches/Coursier/v1/https/repo1.maven.org/maven2/org/scala-sbt/librarymanagement-ivy_2.12/1.6.0/librarymanagement-ivy_2.12-1.6.0.jar:/Users/steventruong/Library/Caches/Coursier/v1/https/repo1.maven.org/maven2/org/scala-sbt/compiler-interface/1.6.0/compiler-interface-1.6.0.jar:/Users/steventruong/Library/Caches/Coursier/v1/https/repo1.maven.org/maven2/org/scala-sbt/zinc-compile_2.12/1.6.0/zinc-compile_2.12-1.6.0.jar:/Users/steventruong/Library/Caches/Coursier/v1/https/repo1.maven.org/maven2/com/swoval/file-tree-views/2.1.7/file-tree-views-2.1.7.jar:/Users/steventruong/Library/Caches/Coursier/v1/https/repo1.maven.org/maven2/org/scala-sbt/util-relation_2.12/1.6.1/util-relation_2.12-1.6.1.jar:/Users/steventruong/Library/Caches/Coursier/v1/https/repo1.maven.org/maven2/org/scala-sbt/completion_2.12/1.6.1/completion_2.12-1.6.1.jar:/Users/steventruong/Library/Caches/Coursier/v1/https/repo1.maven.org/maven2/org/scala-sbt/task-system_2.12/1.6.1/task-system_2.12-1.6.1.jar:/Users/steventruong/Library/Caches/Coursier/v1/https/repo1.maven.org/maven2/org/scala-sbt/tasks_2.12/1.6.1/tasks_2.12-1.6.1.jar:/Users/steventruong/Library/Caches/Coursier/v1/https/repo1.maven.org/maven2/org/scala-sbt/testing_2.12/1.6.1/testing_2.12-1.6.1.jar:/Users/steventruong/Library/Caches/Coursier/v1/https/repo1.maven.org/maven2/org/scala-sbt/util-tracking_2.12/1.6.1/util-tracking_2.12-1.6.1.jar:/Users/steventruong/Library/Caches/Coursier/v1/https/repo1.maven.org/maven2/com/eed3si9n/sjson-new-scalajson_2.12/0.9.1/sjson-new-scalajson_2.12-0.9.1.jar:/Users/steventruong/Library/Caches/Coursier/v1/https/repo1.maven.org/maven2/org/jline/jline-terminal/3.19.0/jline-terminal-3.19.0.jar:/Users/steventruong/Library/Caches/Coursier/v1/https/repo1.maven.org/maven2/org/scala-sbt/zinc-classpath_2.12/1.6.0/zinc-classpath_2.12-1.6.0.jar:/Users/steventruong/Library/Caches/Coursier/v1/https/repo1.maven.org/maven2/org/scala-sbt/zinc-apiinfo_2.12/1.6.0/zinc-apiinfo_2.12-1.6.0.jar:/Users/steventruong/Library/Caches/Coursier/v1/https/repo1.maven.org/maven2/org/scala-sbt/zinc_2.12/1.6.0/zinc_2.12-1.6.0.jar:/Users/steventruong/Library/Caches/Coursier/v1/https/repo1.maven.org/maven2/org/scala-sbt/core-macros_2.12/1.6.1/core-macros_2.12-1.6.1.jar:/Users/steventruong/Library/Caches/Coursier/v1/https/repo1.maven.org/maven2/org/scala-sbt/util-cache_2.12/1.6.1/util-cache_2.12-1.6.1.jar:/Users/steventruong/Library/Caches/Coursier/v1/https/repo1.maven.org/maven2/org/scala-sbt/util-control_2.12/1.6.1/util-control_2.12-1.6.1.jar:/Users/steventruong/Library/Caches/Coursier/v1/https/repo1.maven.org/maven2/org/scala-sbt/protocol_2.12/1.6.1/protocol_2.12-1.6.1.jar:/Users/steventruong/Library/Caches/Coursier/v1/https/repo1.maven.org/maven2/com/eed3si9n/sjson-new-core_2.12/0.9.1/sjson-new-core_2.12-0.9.1.jar:/Users/steventruong/Library/Caches/Coursier/v1/https/repo1.maven.org/maven2/org/scala-sbt/template-resolver/0.1/template-resolver-0.1.jar:/Users/steventruong/Library/Caches/Coursier/v1/https/repo1.maven.org/maven2/org/scala-sbt/util-position_2.12/1.6.1/util-position_2.12-1.6.1.jar:/Users/steventruong/Library/Caches/Coursier/v1/https/repo1.maven.org/maven2/org/scala-sbt/zinc-compile-core_2.12/1.6.0/zinc-compile-core_2.12-1.6.0.jar:/Users/steventruong/Library/Caches/Coursier/v1/https/repo1.maven.org/maven2/org/scala-sbt/util-interface/1.6.1/util-interface-1.6.1.jar:/Users/steventruong/Library/Caches/Coursier/v1/https/repo1.maven.org/maven2/org/scala-sbt/jline/jline/2.14.7-sbt-a1b0ffbb8f64bb820f4f84a0c07a0c0964507493/jline-2.14.7-sbt-a1b0ffbb8f64bb820f4f84a0c07a0c0964507493.jar:/Users/steventruong/Library/Caches/Coursier/v1/https/repo1.maven.org/maven2/org/jline/jline-terminal-jna/3.19.0/jline-terminal-jna-3.19.0.jar:/Users/steventruong/Library/Caches/Coursier/v1/https/repo1.maven.org/maven2/org/jline/jline-terminal-jansi/3.19.0/jline-terminal-jansi-3.19.0.jar:/Users/steventruong/Library/Caches/Coursier/v1/https/repo1.maven.org/maven2/com/lmax/disruptor/3.4.2/disruptor-3.4.2.jar:/Users/steventruong/.sbt/boot/scala-2.12.15/lib/scala-reflect.jar:/Users/steventruong/Library/Caches/Coursier/v1/https/repo1.maven.org/maven2/org/checkerframework/checker-qual/3.4.1/checker-qual-3.4.1.jar:/Users/steventruong/Library/Caches/Coursier/v1/https/repo1.maven.org/maven2/com/google/errorprone/error_prone_annotations/2.4.0/error_prone_annotations-2.4.0.jar:/Users/steventruong/Library/Caches/Coursier/v1/https/repo1.maven.org/maven2/org/scala-lang/modules/scala-collection-compat_2.12/2.6.0/scala-collection-compat_2.12-2.6.0.jar:/Users/steventruong/Library/Caches/Coursier/v1/https/repo1.maven.org/maven2/org/slf4j/slf4j-api/1.7.26/slf4j-api-1.7.26.jar:/Users/steventruong/.sbt/boot/scala-2.12.15/lib/scala-compiler.jar:/Users/steventruong/Library/Caches/Coursier/v1/https/repo1.maven.org/maven2/com/jcraft/jsch/0.1.54/jsch-0.1.54.jar:/Users/steventruong/Library/Caches/Coursier/v1/https/repo1.maven.org/maven2/com/eed3si9n/gigahorse-okhttp_2.12/0.5.0/gigahorse-okhttp_2.12-0.5.0.jar:/Users/steventruong/Library/Caches/Coursier/v1/https/repo1.maven.org/maven2/com/squareup/okhttp3/okhttp-urlconnection/3.7.0/okhttp-urlconnection-3.7.0.jar:/Users/steventruong/Library/Caches/Coursier/v1/https/repo1.maven.org/maven2/org/scala-sbt/ivy/ivy/2.3.0-sbt-fbc4f586aeeb1591710b14eb4f41b94880dcd745/ivy-2.3.0-sbt-fbc4f586aeeb1591710b14eb4f41b94880dcd745.jar:/Users/steventruong/Library/Caches/Coursier/v1/https/repo1.maven.org/maven2/org/jline/jline-reader/3.19.0/jline-reader-3.19.0.jar:/Users/steventruong/Library/Caches/Coursier/v1/https/repo1.maven.org/maven2/org/jline/jline-builtins/3.19.0/jline-builtins-3.19.0.jar:/Users/steventruong/Library/Caches/Coursier/v1/https/repo1.maven.org/maven2/org/scala-sbt/test-agent/1.6.1/test-agent-1.6.1.jar:/Users/steventruong/Library/Caches/Coursier/v1/https/repo1.maven.org/maven2/org/scala-sbt/test-interface/1.0/test-interface-1.0.jar:/Users/steventruong/Library/Caches/Coursier/v1/https/repo1.maven.org/maven2/com/eed3si9n/shaded-jawn-parser_2.12/0.9.1/shaded-jawn-parser_2.12-0.9.1.jar:/Users/steventruong/Library/Caches/Coursier/v1/https/repo1.maven.org/maven2/com/eed3si9n/shaded-scalajson_2.12/1.0.0-M4/shaded-scalajson_2.12-1.0.0-M4.jar:/Users/steventruong/Library/Caches/Coursier/v1/https/repo1.maven.org/maven2/org/scala-sbt/compiler-bridge_2.12/1.6.0/compiler-bridge_2.12-1.6.0.jar:/Users/steventruong/Library/Caches/Coursier/v1/https/repo1.maven.org/maven2/org/scala-sbt/zinc-classfile_2.12/1.6.0/zinc-classfile_2.12-1.6.0.jar:/Users/steventruong/Library/Caches/Coursier/v1/https/repo1.maven.org/maven2/org/scala-sbt/zinc-core_2.12/1.6.0/zinc-core_2.12-1.6.0.jar:/Users/steventruong/Library/Caches/Coursier/v1/https/repo1.maven.org/maven2/org/scala-sbt/zinc-persist_2.12/1.6.0/zinc-persist_2.12-1.6.0.jar:/Users/steventruong/Library/Caches/Coursier/v1/https/repo1.maven.org/maven2/com/eed3si9n/sjson-new-murmurhash_2.12/0.9.1/sjson-new-murmurhash_2.12-0.9.1.jar:/Users/steventruong/Library/Caches/Coursier/v1/https/repo1.maven.org/maven2/org/scala-sbt/ipcsocket/ipcsocket/1.3.1/ipcsocket-1.3.1.jar:/Users/steventruong/Library/Caches/Coursier/v1/https/repo1.maven.org/maven2/org/scala-lang/modules/scala-parser-combinators_2.12/1.1.2/scala-parser-combinators_2.12-1.1.2.jar:/Users/steventruong/Library/Caches/Coursier/v1/https/repo1.maven.org/maven2/net/openhft/zero-allocation-hashing/0.10.1/zero-allocation-hashing-0.10.1.jar:/Users/steventruong/Library/Caches/Coursier/v1/https/repo1.maven.org/maven2/org/fusesource/jansi/jansi/2.1.0/jansi-2.1.0.jar:/Users/steventruong/Library/Caches/Coursier/v1/https/repo1.maven.org/maven2/com/eed3si9n/gigahorse-core_2.12/0.5.0/gigahorse-core_2.12-0.5.0.jar:/Users/steventruong/Library/Caches/Coursier/v1/https/repo1.maven.org/maven2/com/squareup/okhttp3/okhttp/3.14.2/okhttp-3.14.2.jar:/Users/steventruong/Library/Caches/Coursier/v1/https/repo1.maven.org/maven2/org/jline/jline-style/3.19.0/jline-style-3.19.0.jar:/Users/steventruong/Library/Caches/Coursier/v1/https/repo1.maven.org/maven2/org/scala-sbt/zinc-persist-core-assembly/1.6.0/zinc-persist-core-assembly-1.6.0.jar:/Users/steventruong/Library/Caches/Coursier/v1/https/repo1.maven.org/maven2/org/scala-sbt/sbinary_2.12/0.5.1/sbinary_2.12-0.5.1.jar:/Users/steventruong/Library/Caches/Coursier/v1/https/repo1.maven.org/maven2/com/typesafe/ssl-config-core_2.12/0.4.0/ssl-config-core_2.12-0.4.0.jar:/Users/steventruong/Library/Caches/Coursier/v1/https/repo1.maven.org/maven2/org/reactivestreams/reactive-streams/1.0.2/reactive-streams-1.0.2.jar:/Users/steventruong/Library/Caches/Coursier/v1/https/repo1.maven.org/maven2/com/squareup/okio/okio/1.17.2/okio-1.17.2.jar:/Users/steventruong/Library/Caches/Coursier/v1/https/repo1.maven.org/maven2/com/typesafe/config/1.3.3/config-1.3.3.jar -Xplugin-require:semanticdb -Xsource:3.0.0 -Yrangepos -Ymacro-expand:discard -Ycache-plugin-class-loader:last-modified -Ypresentation-any-thread

  last tree to typer: EmptyTree
       tree position: <unknown>
            tree tpe: <notype>
              symbol: null
           call site: <none> in <none>

== Source file context for tree position ==


scala.reflect.internal.FatalError: 
  associatedFile_= inapplicable for <none>
     while compiling: jar:file:///Users/steventruong/Library/Caches/Coursier/v1/https/repo1.maven.org/maven2/org/scala-sbt/main_2.12/1.6.1/main_2.12-1.6.1-sources.jar!/sbt/Project.scala
        during phase: globalPhase=<no phase>, enteringPhase=namer
     library version: version 2.12.15
    compiler version: version 2.12.15
  reconstructed args: -deprecation -Wconf:cat=unused-nowarn:s -Wconf:cat=deprecation:w -Wconf:cat=deprecation:ws -Wconf:cat=feature:ws -Wconf:cat=optimizer:ws -classpath /Users/steventruong/88c-final-proj/small-business-food-waste-reduction/project/.bloop/small-business-food-waste-reduction-build/bloop-bsp-clients-classes/classes-Metals-PaBpgS5xTXW7ZOi7ZdpU5Q==:/Users/steventruong/Library/Caches/bloop/semanticdb/com.sourcegraph.semanticdb-javac.0.7.4/semanticdb-javac-0.7.4.jar:/Users/steventruong/Library/Caches/Coursier/v1/https/repo1.maven.org/maven2/org/scala-sbt/sbt/1.6.1/sbt-1.6.1.jar:/Users/steventruong/.sbt/boot/scala-2.12.15/lib/scala-library.jar:/Users/steventruong/Library/Caches/Coursier/v1/https/repo1.maven.org/maven2/ch/epfl/scala/sbt-bloop_2.12_1.0/1.5.0/sbt-bloop-1.5.0.jar:/Users/steventruong/Library/Caches/Coursier/v1/https/repo1.maven.org/maven2/org/scala-sbt/main_2.12/1.6.1/main_2.12-1.6.1.jar:/Users/steventruong/Library/Caches/Coursier/v1/https/repo1.maven.org/maven2/org/scala-sbt/io_2.12/1.6.0/io_2.12-1.6.0.jar:/Users/steventruong/Library/Caches/Coursier/v1/https/repo1.maven.org/maven2/net/java/dev/jna/jna/5.8.0/jna-5.8.0.jar:/Users/steventruong/Library/Caches/Coursier/v1/https/repo1.maven.org/maven2/net/java/dev/jna/jna-platform/5.8.0/jna-platform-5.8.0.jar:/Users/steventruong/Library/Caches/Coursier/v1/https/repo1.maven.org/maven2/com/google/code/gson/gson/2.7/gson-2.7.jar:/Users/steventruong/Library/Caches/Coursier/v1/https/repo1.maven.org/maven2/com/google/code/findbugs/jsr305/3.0.2/jsr305-3.0.2.jar:/Users/steventruong/Library/Caches/Coursier/v1/https/repo1.maven.org/maven2/org/scala-sbt/logic_2.12/1.6.1/logic_2.12-1.6.1.jar:/Users/steventruong/Library/Caches/Coursier/v1/https/repo1.maven.org/maven2/org/scala-sbt/actions_2.12/1.6.1/actions_2.12-1.6.1.jar:/Users/steventruong/Library/Caches/Coursier/v1/https/repo1.maven.org/maven2/org/scala-sbt/main-settings_2.12/1.6.1/main-settings_2.12-1.6.1.jar:/Users/steventruong/Library/Caches/Coursier/v1/https/repo1.maven.org/maven2/org/scala-sbt/run_2.12/1.6.1/run_2.12-1.6.1.jar:/Users/steventruong/Library/Caches/Coursier/v1/https/repo1.maven.org/maven2/org/scala-sbt/command_2.12/1.6.1/command_2.12-1.6.1.jar:/Users/steventruong/Library/Caches/Coursier/v1/https/repo1.maven.org/maven2/org/scala-sbt/collections_2.12/1.6.1/collections_2.12-1.6.1.jar:/Users/steventruong/Library/Caches/Coursier/v1/https/repo1.maven.org/maven2/org/scala-sbt/scripted-plugin_2.12/1.6.1/scripted-plugin_2.12-1.6.1.jar:/Users/steventruong/Library/Caches/Coursier/v1/https/repo1.maven.org/maven2/org/scala-sbt/zinc-lm-integration_2.12/1.6.1/zinc-lm-integration_2.12-1.6.1.jar:/Users/steventruong/Library/Caches/Coursier/v1/https/repo1.maven.org/maven2/org/scala-sbt/util-logging_2.12/1.6.1/util-logging_2.12-1.6.1.jar:/Users/steventruong/Library/Caches/Coursier/v1/https/repo1.maven.org/maven2/org/scala-lang/modules/scala-xml_2.12/1.3.0/scala-xml_2.12-1.3.0.jar:/Users/steventruong/Library/Caches/Coursier/v1/https/repo1.maven.org/maven2/org/scala-sbt/launcher-interface/1.3.3/launcher-interface-1.3.3.jar:/Users/steventruong/Library/Caches/Coursier/v1/https/repo1.maven.org/maven2/com/github/ben-manes/caffeine/caffeine/2.8.5/caffeine-2.8.5.jar:/Users/steventruong/Library/Caches/Coursier/v1/https/repo1.maven.org/maven2/io/get-coursier/lm-coursier-shaded_2.12/2.0.10/lm-coursier-shaded_2.12-2.0.10.jar:/Users/steventruong/Library/Caches/Coursier/v1/https/repo1.maven.org/maven2/org/apache/logging/log4j/log4j-api/2.17.1/log4j-api-2.17.1.jar:/Users/steventruong/Library/Caches/Coursier/v1/https/repo1.maven.org/maven2/org/apache/logging/log4j/log4j-core/2.17.1/log4j-core-2.17.1.jar:/Users/steventruong/Library/Caches/Coursier/v1/https/repo1.maven.org/maven2/org/apache/logging/log4j/log4j-slf4j-impl/2.17.1/log4j-slf4j-impl-2.17.1.jar:/Users/steventruong/Library/Caches/Coursier/v1/https/repo1.maven.org/maven2/org/scala-sbt/librarymanagement-core_2.12/1.6.0/librarymanagement-core_2.12-1.6.0.jar:/Users/steventruong/Library/Caches/Coursier/v1/https/repo1.maven.org/maven2/org/scala-sbt/librarymanagement-ivy_2.12/1.6.0/librarymanagement-ivy_2.12-1.6.0.jar:/Users/steventruong/Library/Caches/Coursier/v1/https/repo1.maven.org/maven2/org/scala-sbt/compiler-interface/1.6.0/compiler-interface-1.6.0.jar:/Users/steventruong/Library/Caches/Coursier/v1/https/repo1.maven.org/maven2/org/scala-sbt/zinc-compile_2.12/1.6.0/zinc-compile_2.12-1.6.0.jar:/Users/steventruong/Library/Caches/Coursier/v1/https/repo1.maven.org/maven2/com/swoval/file-tree-views/2.1.7/file-tree-views-2.1.7.jar:/Users/steventruong/Library/Caches/Coursier/v1/https/repo1.maven.org/maven2/org/scala-sbt/util-relation_2.12/1.6.1/util-relation_2.12-1.6.1.jar:/Users/steventruong/Library/Caches/Coursier/v1/https/repo1.maven.org/maven2/org/scala-sbt/completion_2.12/1.6.1/completion_2.12-1.6.1.jar:/Users/steventruong/Library/Caches/Coursier/v1/https/repo1.maven.org/maven2/org/scala-sbt/task-system_2.12/1.6.1/task-system_2.12-1.6.1.jar:/Users/steventruong/Library/Caches/Coursier/v1/https/repo1.maven.org/maven2/org/scala-sbt/tasks_2.12/1.6.1/tasks_2.12-1.6.1.jar:/Users/steventruong/Library/Caches/Coursier/v1/https/repo1.maven.org/maven2/org/scala-sbt/testing_2.12/1.6.1/testing_2.12-1.6.1.jar:/Users/steventruong/Library/Caches/Coursier/v1/https/repo1.maven.org/maven2/org/scala-sbt/util-tracking_2.12/1.6.1/util-tracking_2.12-1.6.1.jar:/Users/steventruong/Library/Caches/Coursier/v1/https/repo1.maven.org/maven2/com/eed3si9n/sjson-new-scalajson_2.12/0.9.1/sjson-new-scalajson_2.12-0.9.1.jar:/Users/steventruong/Library/Caches/Coursier/v1/https/repo1.maven.org/maven2/org/jline/jline-terminal/3.19.0/jline-terminal-3.19.0.jar:/Users/steventruong/Library/Caches/Coursier/v1/https/repo1.maven.org/maven2/org/scala-sbt/zinc-classpath_2.12/1.6.0/zinc-classpath_2.12-1.6.0.jar:/Users/steventruong/Library/Caches/Coursier/v1/https/repo1.maven.org/maven2/org/scala-sbt/zinc-apiinfo_2.12/1.6.0/zinc-apiinfo_2.12-1.6.0.jar:/Users/steventruong/Library/Caches/Coursier/v1/https/repo1.maven.org/maven2/org/scala-sbt/zinc_2.12/1.6.0/zinc_2.12-1.6.0.jar:/Users/steventruong/Library/Caches/Coursier/v1/https/repo1.maven.org/maven2/org/scala-sbt/core-macros_2.12/1.6.1/core-macros_2.12-1.6.1.jar:/Users/steventruong/Library/Caches/Coursier/v1/https/repo1.maven.org/maven2/org/scala-sbt/util-cache_2.12/1.6.1/util-cache_2.12-1.6.1.jar:/Users/steventruong/Library/Caches/Coursier/v1/https/repo1.maven.org/maven2/org/scala-sbt/util-control_2.12/1.6.1/util-control_2.12-1.6.1.jar:/Users/steventruong/Library/Caches/Coursier/v1/https/repo1.maven.org/maven2/org/scala-sbt/protocol_2.12/1.6.1/protocol_2.12-1.6.1.jar:/Users/steventruong/Library/Caches/Coursier/v1/https/repo1.maven.org/maven2/com/eed3si9n/sjson-new-core_2.12/0.9.1/sjson-new-core_2.12-0.9.1.jar:/Users/steventruong/Library/Caches/Coursier/v1/https/repo1.maven.org/maven2/org/scala-sbt/template-resolver/0.1/template-resolver-0.1.jar:/Users/steventruong/Library/Caches/Coursier/v1/https/repo1.maven.org/maven2/org/scala-sbt/util-position_2.12/1.6.1/util-position_2.12-1.6.1.jar:/Users/steventruong/Library/Caches/Coursier/v1/https/repo1.maven.org/maven2/org/scala-sbt/zinc-compile-core_2.12/1.6.0/zinc-compile-core_2.12-1.6.0.jar:/Users/steventruong/Library/Caches/Coursier/v1/https/repo1.maven.org/maven2/org/scala-sbt/util-interface/1.6.1/util-interface-1.6.1.jar:/Users/steventruong/Library/Caches/Coursier/v1/https/repo1.maven.org/maven2/org/scala-sbt/jline/jline/2.14.7-sbt-a1b0ffbb8f64bb820f4f84a0c07a0c0964507493/jline-2.14.7-sbt-a1b0ffbb8f64bb820f4f84a0c07a0c0964507493.jar:/Users/steventruong/Library/Caches/Coursier/v1/https/repo1.maven.org/maven2/org/jline/jline-terminal-jna/3.19.0/jline-terminal-jna-3.19.0.jar:/Users/steventruong/Library/Caches/Coursier/v1/https/repo1.maven.org/maven2/org/jline/jline-terminal-jansi/3.19.0/jline-terminal-jansi-3.19.0.jar:/Users/steventruong/Library/Caches/Coursier/v1/https/repo1.maven.org/maven2/com/lmax/disruptor/3.4.2/disruptor-3.4.2.jar:/Users/steventruong/.sbt/boot/scala-2.12.15/lib/scala-reflect.jar:/Users/steventruong/Library/Caches/Coursier/v1/https/repo1.maven.org/maven2/org/checkerframework/checker-qual/3.4.1/checker-qual-3.4.1.jar:/Users/steventruong/Library/Caches/Coursier/v1/https/repo1.maven.org/maven2/com/google/errorprone/error_prone_annotations/2.4.0/error_prone_annotations-2.4.0.jar:/Users/steventruong/Library/Caches/Coursier/v1/https/repo1.maven.org/maven2/org/scala-lang/modules/scala-collection-compat_2.12/2.6.0/scala-collection-compat_2.12-2.6.0.jar:/Users/steventruong/Library/Caches/Coursier/v1/https/repo1.maven.org/maven2/org/slf4j/slf4j-api/1.7.26/slf4j-api-1.7.26.jar:/Users/steventruong/.sbt/boot/scala-2.12.15/lib/scala-compiler.jar:/Users/steventruong/Library/Caches/Coursier/v1/https/repo1.maven.org/maven2/com/jcraft/jsch/0.1.54/jsch-0.1.54.jar:/Users/steventruong/Library/Caches/Coursier/v1/https/repo1.maven.org/maven2/com/eed3si9n/gigahorse-okhttp_2.12/0.5.0/gigahorse-okhttp_2.12-0.5.0.jar:/Users/steventruong/Library/Caches/Coursier/v1/https/repo1.maven.org/maven2/com/squareup/okhttp3/okhttp-urlconnection/3.7.0/okhttp-urlconnection-3.7.0.jar:/Users/steventruong/Library/Caches/Coursier/v1/https/repo1.maven.org/maven2/org/scala-sbt/ivy/ivy/2.3.0-sbt-fbc4f586aeeb1591710b14eb4f41b94880dcd745/ivy-2.3.0-sbt-fbc4f586aeeb1591710b14eb4f41b94880dcd745.jar:/Users/steventruong/Library/Caches/Coursier/v1/https/repo1.maven.org/maven2/org/jline/jline-reader/3.19.0/jline-reader-3.19.0.jar:/Users/steventruong/Library/Caches/Coursier/v1/https/repo1.maven.org/maven2/org/jline/jline-builtins/3.19.0/jline-builtins-3.19.0.jar:/Users/steventruong/Library/Caches/Coursier/v1/https/repo1.maven.org/maven2/org/scala-sbt/test-agent/1.6.1/test-agent-1.6.1.jar:/Users/steventruong/Library/Caches/Coursier/v1/https/repo1.maven.org/maven2/org/scala-sbt/test-interface/1.0/test-interface-1.0.jar:/Users/steventruong/Library/Caches/Coursier/v1/https/repo1.maven.org/maven2/com/eed3si9n/shaded-jawn-parser_2.12/0.9.1/shaded-jawn-parser_2.12-0.9.1.jar:/Users/steventruong/Library/Caches/Coursier/v1/https/repo1.maven.org/maven2/com/eed3si9n/shaded-scalajson_2.12/1.0.0-M4/shaded-scalajson_2.12-1.0.0-M4.jar:/Users/steventruong/Library/Caches/Coursier/v1/https/repo1.maven.org/maven2/org/scala-sbt/compiler-bridge_2.12/1.6.0/compiler-bridge_2.12-1.6.0.jar:/Users/steventruong/Library/Caches/Coursier/v1/https/repo1.maven.org/maven2/org/scala-sbt/zinc-classfile_2.12/1.6.0/zinc-classfile_2.12-1.6.0.jar:/Users/steventruong/Library/Caches/Coursier/v1/https/repo1.maven.org/maven2/org/scala-sbt/zinc-core_2.12/1.6.0/zinc-core_2.12-1.6.0.jar:/Users/steventruong/Library/Caches/Coursier/v1/https/repo1.maven.org/maven2/org/scala-sbt/zinc-persist_2.12/1.6.0/zinc-persist_2.12-1.6.0.jar:/Users/steventruong/Library/Caches/Coursier/v1/https/repo1.maven.org/maven2/com/eed3si9n/sjson-new-murmurhash_2.12/0.9.1/sjson-new-murmurhash_2.12-0.9.1.jar:/Users/steventruong/Library/Caches/Coursier/v1/https/repo1.maven.org/maven2/org/scala-sbt/ipcsocket/ipcsocket/1.3.1/ipcsocket-1.3.1.jar:/Users/steventruong/Library/Caches/Coursier/v1/https/repo1.maven.org/maven2/org/scala-lang/modules/scala-parser-combinators_2.12/1.1.2/scala-parser-combinators_2.12-1.1.2.jar:/Users/steventruong/Library/Caches/Coursier/v1/https/repo1.maven.org/maven2/net/openhft/zero-allocation-hashing/0.10.1/zero-allocation-hashing-0.10.1.jar:/Users/steventruong/Library/Caches/Coursier/v1/https/repo1.maven.org/maven2/org/fusesource/jansi/jansi/2.1.0/jansi-2.1.0.jar:/Users/steventruong/Library/Caches/Coursier/v1/https/repo1.maven.org/maven2/com/eed3si9n/gigahorse-core_2.12/0.5.0/gigahorse-core_2.12-0.5.0.jar:/Users/steventruong/Library/Caches/Coursier/v1/https/repo1.maven.org/maven2/com/squareup/okhttp3/okhttp/3.14.2/okhttp-3.14.2.jar:/Users/steventruong/Library/Caches/Coursier/v1/https/repo1.maven.org/maven2/org/jline/jline-style/3.19.0/jline-style-3.19.0.jar:/Users/steventruong/Library/Caches/Coursier/v1/https/repo1.maven.org/maven2/org/scala-sbt/zinc-persist-core-assembly/1.6.0/zinc-persist-core-assembly-1.6.0.jar:/Users/steventruong/Library/Caches/Coursier/v1/https/repo1.maven.org/maven2/org/scala-sbt/sbinary_2.12/0.5.1/sbinary_2.12-0.5.1.jar:/Users/steventruong/Library/Caches/Coursier/v1/https/repo1.maven.org/maven2/com/typesafe/ssl-config-core_2.12/0.4.0/ssl-config-core_2.12-0.4.0.jar:/Users/steventruong/Library/Caches/Coursier/v1/https/repo1.maven.org/maven2/org/reactivestreams/reactive-streams/1.0.2/reactive-streams-1.0.2.jar:/Users/steventruong/Library/Caches/Coursier/v1/https/repo1.maven.org/maven2/com/squareup/okio/okio/1.17.2/okio-1.17.2.jar:/Users/steventruong/Library/Caches/Coursier/v1/https/repo1.maven.org/maven2/com/typesafe/config/1.3.3/config-1.3.3.jar -Xplugin-require:semanticdb -Xsource:3.0.0 -Yrangepos -Ymacro-expand:discard -Ycache-plugin-class-loader:last-modified -Ypresentation-any-thread

  last tree to typer: EmptyTree
       tree position: <unknown>
            tree tpe: <notype>
              symbol: null
           call site: <none> in <none>

== Source file context for tree position ==


	at scala.reflect.internal.Reporting.abort(Reporting.scala:69)
	at scala.reflect.internal.Reporting.abort$(Reporting.scala:65)
	at scala.reflect.internal.SymbolTable.abort(SymbolTable.scala:28)
	at scala.reflect.internal.Symbols$Symbol.associatedFile_$eq(Symbols.scala:2592)
	at scala.tools.nsc.typechecker.Namers$Namer.enterModuleSymbol(Namers.scala:487)
	at scala.tools.nsc.typechecker.Namers$Namer.enterModuleDef(Namers.scala:447)
	at scala.tools.nsc.typechecker.Namers$Namer.dispatch$1(Namers.scala:291)
	at scala.tools.nsc.typechecker.Namers$Namer.standardEnterSym(Namers.scala:302)
	at scala.tools.nsc.typechecker.AnalyzerPlugins.pluginsEnterSym(AnalyzerPlugins.scala:479)
	at scala.tools.nsc.typechecker.AnalyzerPlugins.pluginsEnterSym$(AnalyzerPlugins.scala:478)
	at scala.meta.internal.pc.MetalsGlobal$MetalsInteractiveAnalyzer.pluginsEnterSym(MetalsGlobal.scala:59)
	at scala.tools.nsc.typechecker.Namers$Namer.enterSym(Namers.scala:280)
	at scala.tools.nsc.typechecker.Namers$Namer.$anonfun$enterSyms$1(Namers.scala:496)
	at scala.tools.nsc.typechecker.Namers$Namer.enterSyms(Namers.scala:495)
	at scala.tools.nsc.typechecker.Namers$Namer.enterPackage(Namers.scala:766)
	at scala.tools.nsc.typechecker.Namers$Namer.dispatch$1(Namers.scala:289)
	at scala.tools.nsc.typechecker.Namers$Namer.standardEnterSym(Namers.scala:302)
	at scala.tools.nsc.typechecker.AnalyzerPlugins.pluginsEnterSym(AnalyzerPlugins.scala:479)
	at scala.tools.nsc.typechecker.AnalyzerPlugins.pluginsEnterSym$(AnalyzerPlugins.scala:478)
	at scala.meta.internal.pc.MetalsGlobal$MetalsInteractiveAnalyzer.pluginsEnterSym(MetalsGlobal.scala:59)
	at scala.tools.nsc.typechecker.Namers$Namer.enterSym(Namers.scala:280)
	at scala.tools.nsc.typechecker.Analyzer$namerFactory$$anon$1.apply(Analyzer.scala:48)
	at scala.tools.nsc.Global$GlobalPhase.applyPhase(Global.scala:453)
	at scala.tools.nsc.Global$Run.$anonfun$compileLate$3(Global.scala:1650)
	at scala.tools.nsc.Global$Run.$anonfun$compileLate$2(Global.scala:1650)
	at scala.tools.nsc.Global$Run.$anonfun$compileLate$2$adapted(Global.scala:1649)
	at scala.collection.Iterator.foreach(Iterator.scala:943)
	at scala.collection.Iterator.foreach$(Iterator.scala:943)
	at scala.collection.AbstractIterator.foreach(Iterator.scala:1431)
	at scala.tools.nsc.Global$Run.compileLate(Global.scala:1649)
	at scala.tools.nsc.interactive.Global.parseAndEnter(Global.scala:654)
	at scala.tools.nsc.interactive.Global.typeCheck(Global.scala:664)
	at scala.meta.internal.pc.SemanticdbTextDocumentProvider.textDocument(SemanticdbTextDocumentProvider.scala:33)

2022.05.03 19:05:19 INFO  skipping build import with status 'Dismissed'
2022.05.03 19:05:19 INFO  running '/Library/Java/JavaVirtualMachines/temurin-11.jdk/Contents/Home/bin/java -Djline.terminal=jline.UnsupportedTerminal -Dsbt.log.noformat=true -Dfile.encoding=UTF-8 -jar /var/folders/lh/tf2swn5j5kz38kx37k5bwfy80000gn/T/metals8236331318876102296/sbt-launch.jar -Dbloop.export-jar-classifiers=sources bloopInstall'
2022.05.03 19:05:23 INFO  [info] welcome to sbt 1.6.1 (Eclipse Adoptium Java 11.0.14)
2022.05.03 19:05:25 INFO  [info] loading settings for project small-business-food-waste-reduction-build-build from metals.sbt ...
2022.05.03 19:05:27 INFO  [info] loading project definition from /Users/steventruong/88c-final-proj/small-business-food-waste-reduction/project/project
2022.05.03 19:05:29 INFO  [info] loading settings for project small-business-food-waste-reduction-build from metals.sbt ...
2022.05.03 19:05:29 INFO  [info] loading project definition from /Users/steventruong/88c-final-proj/small-business-food-waste-reduction/project
2022.05.03 19:05:33 INFO  [success] Generated .bloop/small-business-food-waste-reduction-build.json
2022.05.03 19:05:33 INFO  [success] Total time: 5 s, completed May 3, 2022, 7:05:34 PM
2022.05.03 19:05:39 ERROR /Users/steventruong/88c-final-proj/small-business-food-waste-reduction/build.sbt:6: error: not found: value scalafixSemanticdb
2022.05.03 19:05:39 ERROR ThisBuild / semanticdbVersion := scalafixSemanticdb.revision
2022.05.03 19:05:39 ERROR                                  ^
2022.05.03 19:05:39 INFO  [error] Type error in expression
2022.05.03 19:05:39 INFO  [warn] Project loading failed: (r)etry, (q)uit, (l)ast, or (i)gnore? (default: r)
2022.05.03 19:05:39 INFO  time: ran 'sbt bloopInstall' in 19s
2022.05.03 19:05:39 ERROR sbt command failed: /Library/Java/JavaVirtualMachines/temurin-11.jdk/Contents/Home/bin/java -Djline.terminal=jline.UnsupportedTerminal -Dsbt.log.noformat=true -Dfile.encoding=UTF-8 -jar /var/folders/lh/tf2swn5j5kz38kx37k5bwfy80000gn/T/metals8236331318876102296/sbt-launch.jar -Dbloop.export-jar-classifiers=sources bloopInstall
2022.05.03 19:05:39 INFO  Disconnecting from Bloop session...
2022.05.03 19:05:39 INFO  Shut down connection with build server.
2022.05.03 19:05:40 INFO  Shut down connection with build server.
2022.05.03 19:05:39 INFO  Attempting to connect to the build server...
2022.05.03 19:05:39 INFO  tracing is disabled for protocol BSP, to enable tracing of incoming and outgoing JSON messages create an empty file at /Users/steventruong/88c-final-proj/small-business-food-waste-reduction/.metals/bsp.trace.json or /Users/steventruong/Library/Caches/org.scalameta.metals/bsp.trace.json
2022.05.03 19:05:39 INFO  Attempting to connect to the build server...
2022.05.03 19:05:39 INFO  tracing is disabled for protocol BSP, to enable tracing of incoming and outgoing JSON messages create an empty file at /Users/steventruong/88c-final-proj/small-business-food-waste-reduction/project/.metals/bsp.trace.json or /Users/steventruong/Library/Caches/org.scalameta.metals/bsp.trace.json
2022.05.03 19:05:39 INFO  time: Connected to build server in 0.14s
2022.05.03 19:05:40 INFO  Connected to Build server: Bloop v1.5.0
2022.05.03 19:05:42 INFO  time: indexed workspace in 1.89s
2022.05.03 19:05:46 INFO  time: code lens generation in 4.15s
2022.05.03 19:08:53 WARN  no build target for: /Users/steventruong/88c-final-proj/small-business-food-waste-reduction/project/project/plugins.sbt
2022.05.03 19:08:54 WARN  no build target for: /Users/steventruong/88c-final-proj/small-business-food-waste-reduction/project/project/plugins.sbt
2022.05.03 19:09:12 INFO  running '/Library/Java/JavaVirtualMachines/temurin-11.jdk/Contents/Home/bin/java -Djline.terminal=jline.UnsupportedTerminal -Dsbt.log.noformat=true -Dfile.encoding=UTF-8 -jar /var/folders/lh/tf2swn5j5kz38kx37k5bwfy80000gn/T/metals18299072032354050064/sbt-launch.jar -Dbloop.export-jar-classifiers=sources bloopInstall'
2022.05.03 19:09:15 INFO  [info] welcome to sbt 1.6.1 (Eclipse Adoptium Java 11.0.14)
2022.05.03 19:09:21 INFO  [info] loading settings for project small-business-food-waste-reduction-build-build from metals.sbt,plugins.sbt ...
2022.05.03 19:09:23 INFO  [info] loading project definition from /Users/steventruong/88c-final-proj/small-business-food-waste-reduction/project/project
2022.05.03 19:09:29 INFO  [info] loading settings for project small-business-food-waste-reduction-build from metals.sbt ...
2022.05.03 19:09:30 INFO  [info] loading project definition from /Users/steventruong/88c-final-proj/small-business-food-waste-reduction/project
2022.05.03 19:09:34 INFO  [success] Generated .bloop/small-business-food-waste-reduction-build.json
2022.05.03 19:09:34 INFO  [success] Total time: 4 s, completed May 3, 2022, 7:09:35 PM
2022.05.03 19:09:35 ERROR /Users/steventruong/88c-final-proj/small-business-food-waste-reduction/build.sbt:6: error: not found: value scalafixSemanticdb
2022.05.03 19:09:35 ERROR ThisBuild / semanticdbVersion := scalafixSemanticdb.revision
2022.05.03 19:09:35 ERROR                                  ^
2022.05.03 19:09:35 INFO  [error] Type error in expression
2022.05.03 19:09:35 INFO  [warn] Project loading failed: (r)etry, (q)uit, (l)ast, or (i)gnore? (default: r)
2022.05.03 19:09:35 INFO  time: ran 'sbt bloopInstall' in 23s
2022.05.03 19:09:36 ERROR sbt command failed: /Library/Java/JavaVirtualMachines/temurin-11.jdk/Contents/Home/bin/java -Djline.terminal=jline.UnsupportedTerminal -Dsbt.log.noformat=true -Dfile.encoding=UTF-8 -jar /var/folders/lh/tf2swn5j5kz38kx37k5bwfy80000gn/T/metals18299072032354050064/sbt-launch.jar -Dbloop.export-jar-classifiers=sources bloopInstall
2022.05.03 19:09:36 INFO  Disconnecting from Bloop session...
2022.05.03 19:09:35 INFO  Shut down connection with build server.
2022.05.03 19:09:36 INFO  Shut down connection with build server.
2022.05.03 19:09:36 INFO  Attempting to connect to the build server...
2022.05.03 19:09:36 INFO  tracing is disabled for protocol BSP, to enable tracing of incoming and outgoing JSON messages create an empty file at /Users/steventruong/88c-final-proj/small-business-food-waste-reduction/.metals/bsp.trace.json or /Users/steventruong/Library/Caches/org.scalameta.metals/bsp.trace.json
2022.05.03 19:09:36 INFO  Attempting to connect to the build server...
2022.05.03 19:09:36 INFO  tracing is disabled for protocol BSP, to enable tracing of incoming and outgoing JSON messages create an empty file at /Users/steventruong/88c-final-proj/small-business-food-waste-reduction/project/.metals/bsp.trace.json or /Users/steventruong/Library/Caches/org.scalameta.metals/bsp.trace.json
2022.05.03 19:09:36 INFO  time: Connected to build server in 0.17s
2022.05.03 19:09:35 INFO  Connected to Build server: Bloop v1.5.0
2022.05.03 19:09:38 INFO  time: indexed workspace in 1.91s
2022.05.03 19:09:38 WARN  no build target for: /Users/steventruong/88c-final-proj/small-business-food-waste-reduction/project/project/plugins.sbt
2022.05.03 19:12:08 WARN  no build target for: /Users/steventruong/88c-final-proj/small-business-food-waste-reduction/project/plugins.sbt
2022.05.03 19:12:08 WARN  no build target for: /Users/steventruong/88c-final-proj/small-business-food-waste-reduction/project/plugins.sbt
2022.05.03 19:12:11 INFO  running '/Library/Java/JavaVirtualMachines/temurin-11.jdk/Contents/Home/bin/java -Djline.terminal=jline.UnsupportedTerminal -Dsbt.log.noformat=true -Dfile.encoding=UTF-8 -jar /var/folders/lh/tf2swn5j5kz38kx37k5bwfy80000gn/T/metals8222931970868483721/sbt-launch.jar -Dbloop.export-jar-classifiers=sources bloopInstall'
2022.05.03 19:12:16 INFO  [info] welcome to sbt 1.6.1 (Eclipse Adoptium Java 11.0.14)
2022.05.03 19:12:20 INFO  [info] loading settings for project small-business-food-waste-reduction-build-build-build-build from metals.sbt ...
2022.05.03 19:12:21 INFO  [info] loading project definition from /Users/steventruong/88c-final-proj/small-business-food-waste-reduction/project/project/project/project
2022.05.03 19:12:26 INFO  [info] loading settings for project small-business-food-waste-reduction-build-build-build from metals.sbt ...
2022.05.03 19:12:26 INFO  [info] loading project definition from /Users/steventruong/88c-final-proj/small-business-food-waste-reduction/project/project/project
2022.05.03 19:12:31 INFO  [success] Generated .bloop/small-business-food-waste-reduction-build-build-build.json
2022.05.03 19:12:31 INFO  [success] Total time: 5 s, completed May 3, 2022, 7:12:32 PM
2022.05.03 19:12:35 INFO  [info] loading settings for project small-business-food-waste-reduction-build-build from metals.sbt,plugins.sbt ...
2022.05.03 19:12:35 INFO  [info] loading project definition from /Users/steventruong/88c-final-proj/small-business-food-waste-reduction/project/project
2022.05.03 19:12:37 INFO  [success] Generated .bloop/small-business-food-waste-reduction-build-build.json
2022.05.03 19:12:37 INFO  [success] Total time: 3 s, completed May 3, 2022, 7:12:38 PM
2022.05.03 19:12:39 INFO  [info] loading settings for project small-business-food-waste-reduction-build from metals.sbt,plugins.sbt ...
2022.05.03 19:12:40 INFO  [info] loading project definition from /Users/steventruong/88c-final-proj/small-business-food-waste-reduction/project
2022.05.03 19:12:43 INFO  [success] Generated .bloop/small-business-food-waste-reduction-build.json
2022.05.03 19:12:43 INFO  [success] Total time: 3 s, completed May 3, 2022, 7:12:43 PM
2022.05.03 19:12:46 ERROR /Users/steventruong/88c-final-proj/small-business-food-waste-reduction/build.sbt:23: warning: method zip in object IO is deprecated (since 1.3.2): Please specify whether to use a static timestamp
2022.05.03 19:12:46 ERROR   IO.zip(
2022.05.03 19:12:46 ERROR      ^
2022.05.03 19:12:47 INFO  [info] loading settings for project small-business-food-waste-reduction from build.sbt,version.sbt ...
2022.05.03 19:12:47 INFO  [info] set current project to small-business-food-waste-reduction (in build file:/Users/steventruong/88c-final-proj/small-business-food-waste-reduction/)
2022.05.03 19:12:48 INFO  [success] Generated .bloop/small-business-food-waste-reduction-test.json
2022.05.03 19:12:48 INFO  [success] Generated .bloop/small-business-food-waste-reduction.json
2022.05.03 19:12:48 INFO  [success] Total time: 0 s, completed May 3, 2022, 7:12:48 PM
2022.05.03 19:12:48 INFO  time: ran 'sbt bloopInstall' in 36s
2022.05.03 19:12:48 INFO  Disconnecting from Bloop session...
2022.05.03 19:12:48 INFO  Shut down connection with build server.
2022.05.03 19:12:48 INFO  Shut down connection with build server.
2022.05.03 19:12:48 INFO  Attempting to connect to the build server...
2022.05.03 19:12:48 INFO  tracing is disabled for protocol BSP, to enable tracing of incoming and outgoing JSON messages create an empty file at /Users/steventruong/88c-final-proj/small-business-food-waste-reduction/.metals/bsp.trace.json or /Users/steventruong/Library/Caches/org.scalameta.metals/bsp.trace.json
2022.05.03 19:12:48 INFO  Attempting to connect to the build server...
2022.05.03 19:12:48 INFO  Attempting to connect to the build server...
2022.05.03 19:12:48 INFO  Attempting to connect to the build server...
2022.05.03 19:12:48 INFO  tracing is disabled for protocol BSP, to enable tracing of incoming and outgoing JSON messages create an empty file at /Users/steventruong/88c-final-proj/small-business-food-waste-reduction/project/.metals/bsp.trace.json or /Users/steventruong/Library/Caches/org.scalameta.metals/bsp.trace.json
2022.05.03 19:12:48 INFO  tracing is disabled for protocol BSP, to enable tracing of incoming and outgoing JSON messages create an empty file at /Users/steventruong/88c-final-proj/small-business-food-waste-reduction/project/project/project/.metals/bsp.trace.json or /Users/steventruong/Library/Caches/org.scalameta.metals/bsp.trace.json
2022.05.03 19:12:48 INFO  tracing is disabled for protocol BSP, to enable tracing of incoming and outgoing JSON messages create an empty file at /Users/steventruong/88c-final-proj/small-business-food-waste-reduction/project/project/.metals/bsp.trace.json or /Users/steventruong/Library/Caches/org.scalameta.metals/bsp.trace.json
2022.05.03 19:12:48 INFO  time: Connected to build server in 0.2s
2022.05.03 19:12:48 INFO  Connected to Build server: Bloop v1.5.0
2022.05.03 19:12:52 INFO  time: indexed workspace in 3.59s
2022.05.03 19:12:59 INFO  time: code lens generation in 6.95s
2022.05.03 19:13:40 INFO  compiling small-business-food-waste-reduction-build (1 scala source)
2022.05.03 19:13:42 INFO  time: compiled small-business-food-waste-reduction-build in 2.34s
